<?xml version="1.0" encoding="UTF-8" ?>
<testsuite errors="0" failures="1" hostname="p0416.mtv.cloudera.com" name="org.apache.hadoop.hive.cli.TestCliDriver" tests="2" time="439.527" timestamp="2013-01-28T01:14:46">
  <properties>
[...]
</properties>
  <testcase classname="org.apache.hadoop.hive.cli.TestCliDriver" name="testCliDriver_skewjoin" time="434.688">
    <failure message="Unexpected exception&#xa;See build/ql/tmp/hive.log, or try &quot;ant test ... -Dtest.silent=false&quot; to get more logs." type="junit.framework.AssertionFailedError">junit.framework.AssertionFailedError: Unexpected exception
See build/ql/tmp/hive.log, or try &quot;ant test ... -Dtest.silent=false&quot; to get more logs.
	at junit.framework.Assert.fail(Assert.java:50)
	at org.apache.hadoop.hive.cli.TestCliDriver.testCliDriver_skewjoin(TestCliDriver.java:156)
	at sun.reflect.NativeMethodAccessorImpl.invoke0(Native Method)
	at sun.reflect.NativeMethodAccessorImpl.invoke(NativeMethodAccessorImpl.java:39)
	at sun.reflect.DelegatingMethodAccessorImpl.invoke(DelegatingMethodAccessorImpl.java:25)
	at java.lang.reflect.Method.invoke(Method.java:597)
	at junit.framework.TestCase.runTest(TestCase.java:168)
	at junit.framework.TestCase.runBare(TestCase.java:134)
	at junit.framework.TestResult$1.protect(TestResult.java:110)
	at junit.framework.TestResult.runProtected(TestResult.java:128)
	at junit.framework.TestResult.run(TestResult.java:113)
	at junit.framework.TestCase.run(TestCase.java:124)
	at junit.framework.TestSuite.runTest(TestSuite.java:243)
	at junit.framework.TestSuite.run(TestSuite.java:238)
	at org.apache.tools.ant.taskdefs.optional.junit.JUnitTestRunner.run(JUnitTestRunner.java:520)
	at org.apache.tools.ant.taskdefs.optional.junit.JUnitTestRunner.launch(JUnitTestRunner.java:1060)
	at org.apache.tools.ant.taskdefs.optional.junit.JUnitTestRunner.main(JUnitTestRunner.java:911)
</failure>
  </testcase>
  <testcase classname="org.apache.hadoop.hive.cli.TestCliDriver" name="testCliDriver_shutdown" time="4.824" />
  <system-out><![CDATA[Begin query: skewjoin.q
Deleted /data/6/hive-local/p0416.mtv.cloudera.com-hiveptest-2/source/build/ql/test/data/warehouse/dest_j1
diff -a /data/6/hive-local/p0416.mtv.cloudera.com-hiveptest-2/source/build/ql/test/logs/clientpositive/skewjoin.q.out /data/6/hive-local/p0416.mtv.cloudera.com-hiveptest-2/source/ql/src/test/results/clientpositive/skewjoin.q.out
1513a1514
> 293143	-136853010385
Exception: Client execution results failed with error code = 1
See build/ql/tmp/hive.log, or try "ant test ... -Dtest.silent=false" to get more logs.
Failed query: skewjoin.q
Cleaning up TestCliDriver
]]></system-out>
  <system-err><![CDATA[WARNING: org.apache.hadoop.metrics.jvm.EventCounter is deprecated. Please use org.apache.hadoop.log.metrics.EventCounter in all the log4j.properties files.
Hive history file=/data/6/hive-local/p0416.mtv.cloudera.com-hiveptest-2/source/build/ql/tmp/hive_job_log_hiveptest_201301271712_1670514421.txt
Hive history file=/data/6/hive-local/p0416.mtv.cloudera.com-hiveptest-2/source/build/ql/tmp/hive_job_log_hiveptest_201301271712_1323090315.txt
PREHOOK: query: LOAD DATA LOCAL INPATH '/data/6/hive-local/p0416.mtv.cloudera.com-hiveptest-2/source/data/files/kv1.txt' OVERWRITE INTO TABLE srcpart PARTITION (ds='2008-04-08',hr='11')
PREHOOK: type: LOAD
PREHOOK: Output: default@srcpart
Copying data from file:/data/6/hive-local/p0416.mtv.cloudera.com-hiveptest-2/source/data/files/kv1.txt
Copying file: file:/data/6/hive-local/p0416.mtv.cloudera.com-hiveptest-2/source/data/files/kv1.txt
Loading data to table default.srcpart partition (ds=2008-04-08, hr=11)
Partition default.srcpart{ds=2008-04-08, hr=11} stats: [num_files: 1, num_rows: 0, total_size: 5812, raw_data_size: 0]
Table default.srcpart stats: [num_partitions: 1, num_files: 1, num_rows: 0, total_size: 5812, raw_data_size: 0]
POSTHOOK: query: LOAD DATA LOCAL INPATH '/data/6/hive-local/p0416.mtv.cloudera.com-hiveptest-2/source/data/files/kv1.txt' OVERWRITE INTO TABLE srcpart PARTITION (ds='2008-04-08',hr='11')
POSTHOOK: type: LOAD
POSTHOOK: Output: default@srcpart
POSTHOOK: Output: default@srcpart@ds=2008-04-08/hr=11
OK
PREHOOK: query: LOAD DATA LOCAL INPATH '/data/6/hive-local/p0416.mtv.cloudera.com-hiveptest-2/source/data/files/kv1.txt' OVERWRITE INTO TABLE srcpart PARTITION (ds='2008-04-08',hr='12')
PREHOOK: type: LOAD
PREHOOK: Output: default@srcpart
Copying data from file:/data/6/hive-local/p0416.mtv.cloudera.com-hiveptest-2/source/data/files/kv1.txt
Copying file: file:/data/6/hive-local/p0416.mtv.cloudera.com-hiveptest-2/source/data/files/kv1.txt
Loading data to table default.srcpart partition (ds=2008-04-08, hr=12)
Partition default.srcpart{ds=2008-04-08, hr=12} stats: [num_files: 1, num_rows: 0, total_size: 5812, raw_data_size: 0]
Table default.srcpart stats: [num_partitions: 2, num_files: 2, num_rows: 0, total_size: 11624, raw_data_size: 0]
POSTHOOK: query: LOAD DATA LOCAL INPATH '/data/6/hive-local/p0416.mtv.cloudera.com-hiveptest-2/source/data/files/kv1.txt' OVERWRITE INTO TABLE srcpart PARTITION (ds='2008-04-08',hr='12')
POSTHOOK: type: LOAD
POSTHOOK: Output: default@srcpart
POSTHOOK: Output: default@srcpart@ds=2008-04-08/hr=12
OK
PREHOOK: query: LOAD DATA LOCAL INPATH '/data/6/hive-local/p0416.mtv.cloudera.com-hiveptest-2/source/data/files/kv1.txt' OVERWRITE INTO TABLE srcpart PARTITION (ds='2008-04-09',hr='11')
PREHOOK: type: LOAD
PREHOOK: Output: default@srcpart
Copying data from file:/data/6/hive-local/p0416.mtv.cloudera.com-hiveptest-2/source/data/files/kv1.txt
Copying file: file:/data/6/hive-local/p0416.mtv.cloudera.com-hiveptest-2/source/data/files/kv1.txt
Loading data to table default.srcpart partition (ds=2008-04-09, hr=11)
Partition default.srcpart{ds=2008-04-09, hr=11} stats: [num_files: 1, num_rows: 0, total_size: 5812, raw_data_size: 0]
Table default.srcpart stats: [num_partitions: 3, num_files: 3, num_rows: 0, total_size: 17436, raw_data_size: 0]
POSTHOOK: query: LOAD DATA LOCAL INPATH '/data/6/hive-local/p0416.mtv.cloudera.com-hiveptest-2/source/data/files/kv1.txt' OVERWRITE INTO TABLE srcpart PARTITION (ds='2008-04-09',hr='11')
POSTHOOK: type: LOAD
POSTHOOK: Output: default@srcpart
POSTHOOK: Output: default@srcpart@ds=2008-04-09/hr=11
OK
PREHOOK: query: LOAD DATA LOCAL INPATH '/data/6/hive-local/p0416.mtv.cloudera.com-hiveptest-2/source/data/files/kv1.txt' OVERWRITE INTO TABLE srcpart PARTITION (ds='2008-04-09',hr='12')
PREHOOK: type: LOAD
PREHOOK: Output: default@srcpart
Copying data from file:/data/6/hive-local/p0416.mtv.cloudera.com-hiveptest-2/source/data/files/kv1.txt
Copying file: file:/data/6/hive-local/p0416.mtv.cloudera.com-hiveptest-2/source/data/files/kv1.txt
Loading data to table default.srcpart partition (ds=2008-04-09, hr=12)
Partition default.srcpart{ds=2008-04-09, hr=12} stats: [num_files: 1, num_rows: 0, total_size: 5812, raw_data_size: 0]
Table default.srcpart stats: [num_partitions: 4, num_files: 4, num_rows: 0, total_size: 23248, raw_data_size: 0]
POSTHOOK: query: LOAD DATA LOCAL INPATH '/data/6/hive-local/p0416.mtv.cloudera.com-hiveptest-2/source/data/files/kv1.txt' OVERWRITE INTO TABLE srcpart PARTITION (ds='2008-04-09',hr='12')
POSTHOOK: type: LOAD
POSTHOOK: Output: default@srcpart
POSTHOOK: Output: default@srcpart@ds=2008-04-09/hr=12
OK
PREHOOK: query: CREATE TABLE srcbucket(key int, value string) CLUSTERED BY (key) INTO 2 BUCKETS STORED AS TEXTFILE
PREHOOK: type: LOAD
POSTHOOK: query: CREATE TABLE srcbucket(key int, value string) CLUSTERED BY (key) INTO 2 BUCKETS STORED AS TEXTFILE
POSTHOOK: type: LOAD
POSTHOOK: Output: default@srcbucket
OK
PREHOOK: query: LOAD DATA LOCAL INPATH '/data/6/hive-local/p0416.mtv.cloudera.com-hiveptest-2/source/data/files/srcbucket0.txt' INTO TABLE srcbucket
PREHOOK: type: LOAD
PREHOOK: Output: default@srcbucket
Copying data from file:/data/6/hive-local/p0416.mtv.cloudera.com-hiveptest-2/source/data/files/srcbucket0.txt
Copying file: file:/data/6/hive-local/p0416.mtv.cloudera.com-hiveptest-2/source/data/files/srcbucket0.txt
Loading data to table default.srcbucket
Table default.srcbucket stats: [num_partitions: 0, num_files: 1, num_rows: 0, total_size: 5702, raw_data_size: 0]
POSTHOOK: query: LOAD DATA LOCAL INPATH '/data/6/hive-local/p0416.mtv.cloudera.com-hiveptest-2/source/data/files/srcbucket0.txt' INTO TABLE srcbucket
POSTHOOK: type: LOAD
POSTHOOK: Output: default@srcbucket
OK
PREHOOK: query: LOAD DATA LOCAL INPATH '/data/6/hive-local/p0416.mtv.cloudera.com-hiveptest-2/source/data/files/srcbucket1.txt' INTO TABLE srcbucket
PREHOOK: type: LOAD
PREHOOK: Output: default@srcbucket
Copying data from file:/data/6/hive-local/p0416.mtv.cloudera.com-hiveptest-2/source/data/files/srcbucket1.txt
Copying file: file:/data/6/hive-local/p0416.mtv.cloudera.com-hiveptest-2/source/data/files/srcbucket1.txt
Loading data to table default.srcbucket
Table default.srcbucket stats: [num_partitions: 0, num_files: 2, num_rows: 0, total_size: 11603, raw_data_size: 0]
POSTHOOK: query: LOAD DATA LOCAL INPATH '/data/6/hive-local/p0416.mtv.cloudera.com-hiveptest-2/source/data/files/srcbucket1.txt' INTO TABLE srcbucket
POSTHOOK: type: LOAD
POSTHOOK: Output: default@srcbucket
OK
PREHOOK: query: CREATE TABLE srcbucket2(key int, value string) CLUSTERED BY (key) INTO 4 BUCKETS STORED AS TEXTFILE
PREHOOK: type: LOAD
POSTHOOK: query: CREATE TABLE srcbucket2(key int, value string) CLUSTERED BY (key) INTO 4 BUCKETS STORED AS TEXTFILE
POSTHOOK: type: LOAD
POSTHOOK: Output: default@srcbucket2
OK
PREHOOK: query: LOAD DATA LOCAL INPATH '/data/6/hive-local/p0416.mtv.cloudera.com-hiveptest-2/source/data/files/srcbucket20.txt' INTO TABLE srcbucket2
PREHOOK: type: LOAD
PREHOOK: Output: default@srcbucket2
Copying data from file:/data/6/hive-local/p0416.mtv.cloudera.com-hiveptest-2/source/data/files/srcbucket20.txt
Copying file: file:/data/6/hive-local/p0416.mtv.cloudera.com-hiveptest-2/source/data/files/srcbucket20.txt
Loading data to table default.srcbucket2
Table default.srcbucket2 stats: [num_partitions: 0, num_files: 1, num_rows: 0, total_size: 1358, raw_data_size: 0]
POSTHOOK: query: LOAD DATA LOCAL INPATH '/data/6/hive-local/p0416.mtv.cloudera.com-hiveptest-2/source/data/files/srcbucket20.txt' INTO TABLE srcbucket2
POSTHOOK: type: LOAD
POSTHOOK: Output: default@srcbucket2
OK
PREHOOK: query: LOAD DATA LOCAL INPATH '/data/6/hive-local/p0416.mtv.cloudera.com-hiveptest-2/source/data/files/srcbucket21.txt' INTO TABLE srcbucket2
PREHOOK: type: LOAD
PREHOOK: Output: default@srcbucket2
Copying data from file:/data/6/hive-local/p0416.mtv.cloudera.com-hiveptest-2/source/data/files/srcbucket21.txt
Copying file: file:/data/6/hive-local/p0416.mtv.cloudera.com-hiveptest-2/source/data/files/srcbucket21.txt
Loading data to table default.srcbucket2
Table default.srcbucket2 stats: [num_partitions: 0, num_files: 2, num_rows: 0, total_size: 2750, raw_data_size: 0]
POSTHOOK: query: LOAD DATA LOCAL INPATH '/data/6/hive-local/p0416.mtv.cloudera.com-hiveptest-2/source/data/files/srcbucket21.txt' INTO TABLE srcbucket2
POSTHOOK: type: LOAD
POSTHOOK: Output: default@srcbucket2
OK
PREHOOK: query: LOAD DATA LOCAL INPATH '/data/6/hive-local/p0416.mtv.cloudera.com-hiveptest-2/source/data/files/srcbucket22.txt' INTO TABLE srcbucket2
PREHOOK: type: LOAD
PREHOOK: Output: default@srcbucket2
Copying data from file:/data/6/hive-local/p0416.mtv.cloudera.com-hiveptest-2/source/data/files/srcbucket22.txt
Copying file: file:/data/6/hive-local/p0416.mtv.cloudera.com-hiveptest-2/source/data/files/srcbucket22.txt
Loading data to table default.srcbucket2
Table default.srcbucket2 stats: [num_partitions: 0, num_files: 3, num_rows: 0, total_size: 4200, raw_data_size: 0]
POSTHOOK: query: LOAD DATA LOCAL INPATH '/data/6/hive-local/p0416.mtv.cloudera.com-hiveptest-2/source/data/files/srcbucket22.txt' INTO TABLE srcbucket2
POSTHOOK: type: LOAD
POSTHOOK: Output: default@srcbucket2
OK
PREHOOK: query: LOAD DATA LOCAL INPATH '/data/6/hive-local/p0416.mtv.cloudera.com-hiveptest-2/source/data/files/srcbucket23.txt' INTO TABLE srcbucket2
PREHOOK: type: LOAD
PREHOOK: Output: default@srcbucket2
Copying data from file:/data/6/hive-local/p0416.mtv.cloudera.com-hiveptest-2/source/data/files/srcbucket23.txt
Copying file: file:/data/6/hive-local/p0416.mtv.cloudera.com-hiveptest-2/source/data/files/srcbucket23.txt
Loading data to table default.srcbucket2
Table default.srcbucket2 stats: [num_partitions: 0, num_files: 4, num_rows: 0, total_size: 5812, raw_data_size: 0]
POSTHOOK: query: LOAD DATA LOCAL INPATH '/data/6/hive-local/p0416.mtv.cloudera.com-hiveptest-2/source/data/files/srcbucket23.txt' INTO TABLE srcbucket2
POSTHOOK: type: LOAD
POSTHOOK: Output: default@srcbucket2
OK
PREHOOK: query: LOAD DATA LOCAL INPATH '/data/6/hive-local/p0416.mtv.cloudera.com-hiveptest-2/source/data/files/kv1.txt' INTO TABLE src
PREHOOK: type: LOAD
PREHOOK: Output: default@src
Copying data from file:/data/6/hive-local/p0416.mtv.cloudera.com-hiveptest-2/source/data/files/kv1.txt
Copying file: file:/data/6/hive-local/p0416.mtv.cloudera.com-hiveptest-2/source/data/files/kv1.txt
Loading data to table default.src
Table default.src stats: [num_partitions: 0, num_files: 1, num_rows: 0, total_size: 5812, raw_data_size: 0]
POSTHOOK: query: LOAD DATA LOCAL INPATH '/data/6/hive-local/p0416.mtv.cloudera.com-hiveptest-2/source/data/files/kv1.txt' INTO TABLE src
POSTHOOK: type: LOAD
POSTHOOK: Output: default@src
OK
PREHOOK: query: LOAD DATA LOCAL INPATH '/data/6/hive-local/p0416.mtv.cloudera.com-hiveptest-2/source/data/files/kv3.txt' INTO TABLE src1
PREHOOK: type: LOAD
PREHOOK: Output: default@src1
Copying data from file:/data/6/hive-local/p0416.mtv.cloudera.com-hiveptest-2/source/data/files/kv3.txt
Copying file: file:/data/6/hive-local/p0416.mtv.cloudera.com-hiveptest-2/source/data/files/kv3.txt
Loading data to table default.src1
Table default.src1 stats: [num_partitions: 0, num_files: 1, num_rows: 0, total_size: 216, raw_data_size: 0]
POSTHOOK: query: LOAD DATA LOCAL INPATH '/data/6/hive-local/p0416.mtv.cloudera.com-hiveptest-2/source/data/files/kv3.txt' INTO TABLE src1
POSTHOOK: type: LOAD
POSTHOOK: Output: default@src1
OK
PREHOOK: query: LOAD DATA LOCAL INPATH '/data/6/hive-local/p0416.mtv.cloudera.com-hiveptest-2/source/data/files/kv1.seq' INTO TABLE src_sequencefile
PREHOOK: type: LOAD
PREHOOK: Output: default@src_sequencefile
Copying data from file:/data/6/hive-local/p0416.mtv.cloudera.com-hiveptest-2/source/data/files/kv1.seq
Copying file: file:/data/6/hive-local/p0416.mtv.cloudera.com-hiveptest-2/source/data/files/kv1.seq
Loading data to table default.src_sequencefile
Table default.src_sequencefile stats: [num_partitions: 0, num_files: 1, num_rows: 0, total_size: 10508, raw_data_size: 0]
POSTHOOK: query: LOAD DATA LOCAL INPATH '/data/6/hive-local/p0416.mtv.cloudera.com-hiveptest-2/source/data/files/kv1.seq' INTO TABLE src_sequencefile
POSTHOOK: type: LOAD
POSTHOOK: Output: default@src_sequencefile
OK
PREHOOK: query: LOAD DATA LOCAL INPATH '/data/6/hive-local/p0416.mtv.cloudera.com-hiveptest-2/source/data/files/complex.seq' INTO TABLE src_thrift
PREHOOK: type: LOAD
PREHOOK: Output: default@src_thrift
Copying data from file:/data/6/hive-local/p0416.mtv.cloudera.com-hiveptest-2/source/data/files/complex.seq
Copying file: file:/data/6/hive-local/p0416.mtv.cloudera.com-hiveptest-2/source/data/files/complex.seq
Loading data to table default.src_thrift
Table default.src_thrift stats: [num_partitions: 0, num_files: 1, num_rows: 0, total_size: 1606, raw_data_size: 0]
POSTHOOK: query: LOAD DATA LOCAL INPATH '/data/6/hive-local/p0416.mtv.cloudera.com-hiveptest-2/source/data/files/complex.seq' INTO TABLE src_thrift
POSTHOOK: type: LOAD
POSTHOOK: Output: default@src_thrift
OK
PREHOOK: query: LOAD DATA LOCAL INPATH '/data/6/hive-local/p0416.mtv.cloudera.com-hiveptest-2/source/data/files/json.txt' INTO TABLE src_json
PREHOOK: type: LOAD
PREHOOK: Output: default@src_json
Copying data from file:/data/6/hive-local/p0416.mtv.cloudera.com-hiveptest-2/source/data/files/json.txt
Copying file: file:/data/6/hive-local/p0416.mtv.cloudera.com-hiveptest-2/source/data/files/json.txt
Loading data to table default.src_json
Table default.src_json stats: [num_partitions: 0, num_files: 1, num_rows: 0, total_size: 645, raw_data_size: 0]
POSTHOOK: query: LOAD DATA LOCAL INPATH '/data/6/hive-local/p0416.mtv.cloudera.com-hiveptest-2/source/data/files/json.txt' INTO TABLE src_json
POSTHOOK: type: LOAD
POSTHOOK: Output: default@src_json
OK
WARNING: org.apache.hadoop.metrics.jvm.EventCounter is deprecated. Please use org.apache.hadoop.log.metrics.EventCounter in all the log4j.properties files.
WARNING: org.apache.hadoop.metrics.jvm.EventCounter is deprecated. Please use org.apache.hadoop.log.metrics.EventCounter in all the log4j.properties files.
WARNING: org.apache.hadoop.metrics.jvm.EventCounter is deprecated. Please use org.apache.hadoop.log.metrics.EventCounter in all the log4j.properties files.
rmr: DEPRECATED: Please use 'rm -r' instead.
WARNING: org.apache.hadoop.metrics.jvm.EventCounter is deprecated. Please use org.apache.hadoop.log.metrics.EventCounter in all the log4j.properties files.
WARNING: org.apache.hadoop.metrics.jvm.EventCounter is deprecated. Please use org.apache.hadoop.log.metrics.EventCounter in all the log4j.properties files.
WARNING: org.apache.hadoop.metrics.jvm.EventCounter is deprecated. Please use org.apache.hadoop.log.metrics.EventCounter in all the log4j.properties files.
WARNING: org.apache.hadoop.metrics.jvm.EventCounter is deprecated. Please use org.apache.hadoop.log.metrics.EventCounter in all the log4j.properties files.
WARNING: org.apache.hadoop.metrics.jvm.EventCounter is deprecated. Please use org.apache.hadoop.log.metrics.EventCounter in all the log4j.properties files.
WARNING: org.apache.hadoop.metrics.jvm.EventCounter is deprecated. Please use org.apache.hadoop.log.metrics.EventCounter in all the log4j.properties files.
WARNING: org.apache.hadoop.metrics.jvm.EventCounter is deprecated. Please use org.apache.hadoop.log.metrics.EventCounter in all the log4j.properties files.
WARNING: org.apache.hadoop.metrics.jvm.EventCounter is deprecated. Please use org.apache.hadoop.log.metrics.EventCounter in all the log4j.properties files.
WARNING: org.apache.hadoop.metrics.jvm.EventCounter is deprecated. Please use org.apache.hadoop.log.metrics.EventCounter in all the log4j.properties files.
WARNING: org.apache.hadoop.metrics.jvm.EventCounter is deprecated. Please use org.apache.hadoop.log.metrics.EventCounter in all the log4j.properties files.
WARNING: org.apache.hadoop.metrics.jvm.EventCounter is deprecated. Please use org.apache.hadoop.log.metrics.EventCounter in all the log4j.properties files.
WARNING: org.apache.hadoop.metrics.jvm.EventCounter is deprecated. Please use org.apache.hadoop.log.metrics.EventCounter in all the log4j.properties files.
WARNING: org.apache.hadoop.metrics.jvm.EventCounter is deprecated. Please use org.apache.hadoop.log.metrics.EventCounter in all the log4j.properties files.
WARNING: org.apache.hadoop.metrics.jvm.EventCounter is deprecated. Please use org.apache.hadoop.log.metrics.EventCounter in all the log4j.properties files.
java.io.FileNotFoundException: File file:/data/6/hive-local/p0416.mtv.cloudera.com-hiveptest-2/source/build/ql/localscratchdir/hive_2013-01-27_17-19-26_306_7040368384673641161/-mr-10003/hive_skew_join_bigkeys_1 does not exist
	at org.apache.hadoop.fs.RawLocalFileSystem.listStatus(RawLocalFileSystem.java:334)
	at org.apache.hadoop.fs.FileSystem.listStatus(FileSystem.java:1416)
	at org.apache.hadoop.fs.FileSystem.listStatus(FileSystem.java:1456)
	at org.apache.hadoop.fs.ChecksumFileSystem.listStatus(ChecksumFileSystem.java:557)
	at org.apache.hadoop.hive.ql.plan.ConditionalResolverSkewJoin.getTasks(ConditionalResolverSkewJoin.java:96)
	at org.apache.hadoop.hive.ql.exec.ConditionalTask.execute(ConditionalTask.java:81)
	at org.apache.hadoop.hive.ql.exec.Task.executeTask(Task.java:138)
	at org.apache.hadoop.hive.ql.exec.TaskRunner.runSequential(TaskRunner.java:57)
	at org.apache.hadoop.hive.ql.Driver.launchTask(Driver.java:1351)
	at org.apache.hadoop.hive.ql.Driver.execute(Driver.java:1137)
	at org.apache.hadoop.hive.ql.Driver.run(Driver.java:950)
	at org.apache.hadoop.hive.cli.CliDriver.processLocalCmd(CliDriver.java:259)
	at org.apache.hadoop.hive.cli.CliDriver.processCmd(CliDriver.java:216)
	at org.apache.hadoop.hive.cli.CliDriver.processLine(CliDriver.java:412)
	at org.apache.hadoop.hive.cli.CliDriver.processLine(CliDriver.java:347)
	at org.apache.hadoop.hive.ql.QTestUtil.executeClient(QTestUtil.java:779)
	at org.apache.hadoop.hive.cli.TestCliDriver.testCliDriver_skewjoin(TestCliDriver.java:125)
	at sun.reflect.NativeMethodAccessorImpl.invoke0(Native Method)
	at sun.reflect.NativeMethodAccessorImpl.invoke(NativeMethodAccessorImpl.java:39)
	at sun.reflect.DelegatingMethodAccessorImpl.invoke(DelegatingMethodAccessorImpl.java:25)
	at java.lang.reflect.Method.invoke(Method.java:597)
	at junit.framework.TestCase.runTest(TestCase.java:168)
	at junit.framework.TestCase.runBare(TestCase.java:134)
	at junit.framework.TestResult$1.protect(TestResult.java:110)
	at junit.framework.TestResult.runProtected(TestResult.java:128)
	at junit.framework.TestResult.run(TestResult.java:113)
	at junit.framework.TestCase.run(TestCase.java:124)
	at junit.framework.TestSuite.runTest(TestSuite.java:243)
	at junit.framework.TestSuite.run(TestSuite.java:238)
	at org.apache.tools.ant.taskdefs.optional.junit.JUnitTestRunner.run(JUnitTestRunner.java:520)
	at org.apache.tools.ant.taskdefs.optional.junit.JUnitTestRunner.launch(JUnitTestRunner.java:1060)
	at org.apache.tools.ant.taskdefs.optional.junit.JUnitTestRunner.main(JUnitTestRunner.java:911)
WARNING: org.apache.hadoop.metrics.jvm.EventCounter is deprecated. Please use org.apache.hadoop.log.metrics.EventCounter in all the log4j.properties files.
WARNING: org.apache.hadoop.metrics.jvm.EventCounter is deprecated. Please use org.apache.hadoop.log.metrics.EventCounter in all the log4j.properties files.
WARNING: org.apache.hadoop.metrics.jvm.EventCounter is deprecated. Please use org.apache.hadoop.log.metrics.EventCounter in all the log4j.properties files.
WARNING: org.apache.hadoop.metrics.jvm.EventCounter is deprecated. Please use org.apache.hadoop.log.metrics.EventCounter in all the log4j.properties files.
WARNING: org.apache.hadoop.metrics.jvm.EventCounter is deprecated. Please use org.apache.hadoop.log.metrics.EventCounter in all the log4j.properties files.
WARNING: org.apache.hadoop.metrics.jvm.EventCounter is deprecated. Please use org.apache.hadoop.log.metrics.EventCounter in all the log4j.properties files.
WARNING: org.apache.hadoop.metrics.jvm.EventCounter is deprecated. Please use org.apache.hadoop.log.metrics.EventCounter in all the log4j.properties files.
WARNING: org.apache.hadoop.metrics.jvm.EventCounter is deprecated. Please use org.apache.hadoop.log.metrics.EventCounter in all the log4j.properties files.
WARNING: org.apache.hadoop.metrics.jvm.EventCounter is deprecated. Please use org.apache.hadoop.log.metrics.EventCounter in all the log4j.properties files.
WARNING: org.apache.hadoop.metrics.jvm.EventCounter is deprecated. Please use org.apache.hadoop.log.metrics.EventCounter in all the log4j.properties files.
WARNING: org.apache.hadoop.metrics.jvm.EventCounter is deprecated. Please use org.apache.hadoop.log.metrics.EventCounter in all the log4j.properties files.
WARNING: org.apache.hadoop.metrics.jvm.EventCounter is deprecated. Please use org.apache.hadoop.log.metrics.EventCounter in all the log4j.properties files.
WARNING: org.apache.hadoop.metrics.jvm.EventCounter is deprecated. Please use org.apache.hadoop.log.metrics.EventCounter in all the log4j.properties files.
WARNING: org.apache.hadoop.metrics.jvm.EventCounter is deprecated. Please use org.apache.hadoop.log.metrics.EventCounter in all the log4j.properties files.
WARNING: org.apache.hadoop.metrics.jvm.EventCounter is deprecated. Please use org.apache.hadoop.log.metrics.EventCounter in all the log4j.properties files.
WARNING: org.apache.hadoop.metrics.jvm.EventCounter is deprecated. Please use org.apache.hadoop.log.metrics.EventCounter in all the log4j.properties files.
WARNING: org.apache.hadoop.metrics.jvm.EventCounter is deprecated. Please use org.apache.hadoop.log.metrics.EventCounter in all the log4j.properties files.
WARNING: org.apache.hadoop.metrics.jvm.EventCounter is deprecated. Please use org.apache.hadoop.log.metrics.EventCounter in all the log4j.properties files.
WARNING: org.apache.hadoop.metrics.jvm.EventCounter is deprecated. Please use org.apache.hadoop.log.metrics.EventCounter in all the log4j.properties files.
WARNING: org.apache.hadoop.metrics.jvm.EventCounter is deprecated. Please use org.apache.hadoop.log.metrics.EventCounter in all the log4j.properties files.
WARNING: org.apache.hadoop.metrics.jvm.EventCounter is deprecated. Please use org.apache.hadoop.log.metrics.EventCounter in all the log4j.properties files.
WARNING: org.apache.hadoop.metrics.jvm.EventCounter is deprecated. Please use org.apache.hadoop.log.metrics.EventCounter in all the log4j.properties files.
WARNING: org.apache.hadoop.metrics.jvm.EventCounter is deprecated. Please use org.apache.hadoop.log.metrics.EventCounter in all the log4j.properties files.
WARNING: org.apache.hadoop.metrics.jvm.EventCounter is deprecated. Please use org.apache.hadoop.log.metrics.EventCounter in all the log4j.properties files.
WARNING: org.apache.hadoop.metrics.jvm.EventCounter is deprecated. Please use org.apache.hadoop.log.metrics.EventCounter in all the log4j.properties files.
WARNING: org.apache.hadoop.metrics.jvm.EventCounter is deprecated. Please use org.apache.hadoop.log.metrics.EventCounter in all the log4j.properties files.
WARNING: org.apache.hadoop.metrics.jvm.EventCounter is deprecated. Please use org.apache.hadoop.log.metrics.EventCounter in all the log4j.properties files.
WARNING: org.apache.hadoop.metrics.jvm.EventCounter is deprecated. Please use org.apache.hadoop.log.metrics.EventCounter in all the log4j.properties files.
WARNING: org.apache.hadoop.metrics.jvm.EventCounter is deprecated. Please use org.apache.hadoop.log.metrics.EventCounter in all the log4j.properties files.
WARNING: org.apache.hadoop.metrics.jvm.EventCounter is deprecated. Please use org.apache.hadoop.log.metrics.EventCounter in all the log4j.properties files.
WARNING: org.apache.hadoop.metrics.jvm.EventCounter is deprecated. Please use org.apache.hadoop.log.metrics.EventCounter in all the log4j.properties files.
WARNING: org.apache.hadoop.metrics.jvm.EventCounter is deprecated. Please use org.apache.hadoop.log.metrics.EventCounter in all the log4j.properties files.
WARNING: org.apache.hadoop.metrics.jvm.EventCounter is deprecated. Please use org.apache.hadoop.log.metrics.EventCounter in all the log4j.properties files.
WARNING: org.apache.hadoop.metrics.jvm.EventCounter is deprecated. Please use org.apache.hadoop.log.metrics.EventCounter in all the log4j.properties files.
junit.framework.AssertionFailedError: Client execution results failed with error code = 1
See build/ql/tmp/hive.log, or try "ant test ... -Dtest.silent=false" to get more logs.
	at junit.framework.Assert.fail(Assert.java:50)
	at org.apache.hadoop.hive.cli.TestCliDriver.testCliDriver_skewjoin(TestCliDriver.java:147)
	at sun.reflect.NativeMethodAccessorImpl.invoke0(Native Method)
	at sun.reflect.NativeMethodAccessorImpl.invoke(NativeMethodAccessorImpl.java:39)
	at sun.reflect.DelegatingMethodAccessorImpl.invoke(DelegatingMethodAccessorImpl.java:25)
	at java.lang.reflect.Method.invoke(Method.java:597)
	at junit.framework.TestCase.runTest(TestCase.java:168)
	at junit.framework.TestCase.runBare(TestCase.java:134)
	at junit.framework.TestResult$1.protect(TestResult.java:110)
	at junit.framework.TestResult.runProtected(TestResult.java:128)
	at junit.framework.TestResult.run(TestResult.java:113)
	at junit.framework.TestCase.run(TestCase.java:124)
	at junit.framework.TestSuite.runTest(TestSuite.java:243)
	at junit.framework.TestSuite.run(TestSuite.java:238)
	at org.apache.tools.ant.taskdefs.optional.junit.JUnitTestRunner.run(JUnitTestRunner.java:520)
	at org.apache.tools.ant.taskdefs.optional.junit.JUnitTestRunner.launch(JUnitTestRunner.java:1060)
	at org.apache.tools.ant.taskdefs.optional.junit.JUnitTestRunner.main(JUnitTestRunner.java:911)
]]></system-err>
</testsuite>
